Board.obj : warning LNK4075: ignoring '/EDITANDCONTINUE' due to '/INCREMENTAL:NO' specification
Board.obj : error LNK2019: unresolved external symbol "public: __cdecl Sexy::Color::Color(int,int,int)" (??0Color@Sexy@@QEAA@HHH@Z) referenced in function "public: virtual void __cdecl Sexy::Board::Draw(class Sexy::Graphics *)" (?Draw@Board@Sexy@@UEAAXPEAVGraphics@2@@Z)
Board.obj : error LNK2019: unresolved external symbol "public: void __cdecl Sexy::Graphics::SetColor(class Sexy::Color const &)" (?SetColor@Graphics@Sexy@@QEAAXAEBVColor@2@@Z) referenced in function "public: virtual void __cdecl Sexy::Board::Draw(class Sexy::Graphics *)" (?Draw@Board@Sexy@@UEAAXPEAVGraphics@2@@Z)
Board.obj : error LNK2019: unresolved external symbol "public: void __cdecl Sexy::Graphics::FillRect(int,int,int,int)" (?FillRect@Graphics@Sexy@@QEAAXHHHH@Z) referenced in function "public: virtual void __cdecl Sexy::Board::Draw(class Sexy::Graphics *)" (?Draw@Board@Sexy@@UEAAXPEAVGraphics@2@@Z)
Board.obj : error LNK2001: unresolved external symbol "public: virtual class Sexy::TRect<int> __cdecl Sexy::WidgetContainer::GetRect(void)" (?GetRect@WidgetContainer@Sexy@@UEAA?AV?$TRect@H@2@XZ)
Board.obj : error LNK2001: unresolved external symbol "public: virtual bool __cdecl Sexy::WidgetContainer::Intersects(class Sexy::WidgetContainer *)" (?Intersects@WidgetContainer@Sexy@@UEAA_NPEAV12@@Z)
Board.obj : error LNK2001: unresolved external symbol "public: virtual void __cdecl Sexy::WidgetContainer::AddWidget(class Sexy::Widget *)" (?AddWidget@WidgetContainer@Sexy@@UEAAXPEAVWidget@2@@Z)
Board.obj : error LNK2001: unresolved external symbol "public: virtual void __cdecl Sexy::WidgetContainer::RemoveWidget(class Sexy::Widget *)" (?RemoveWidget@WidgetContainer@Sexy@@UEAAXPEAVWidget@2@@Z)
Board.obj : error LNK2001: unresolved external symbol "public: virtual bool __cdecl Sexy::WidgetContainer::HasWidget(class Sexy::Widget *)" (?HasWidget@WidgetContainer@Sexy@@UEAA_NPEAVWidget@2@@Z)
Board.obj : error LNK2001: unresolved external symbol "public: virtual void __cdecl Sexy::WidgetContainer::DisableWidget(class Sexy::Widget *)" (?DisableWidget@WidgetContainer@Sexy@@UEAAXPEAVWidget@2@@Z)
Board.obj : error LNK2001: unresolved external symbol "public: virtual void __cdecl Sexy::WidgetContainer::RemoveAllWidgets(bool,bool)" (?RemoveAllWidgets@WidgetContainer@Sexy@@UEAAX_N0@Z)
Board.obj : error LNK2001: unresolved external symbol "public: virtual void __cdecl Sexy::WidgetContainer::SetFocus(class Sexy::Widget *)" (?SetFocus@WidgetContainer@Sexy@@UEAAXPEAVWidget@2@@Z)
Board.obj : error LNK2001: unresolved external symbol "public: virtual bool __cdecl Sexy::WidgetContainer::IsBelow(class Sexy::Widget *,class Sexy::Widget *)" (?IsBelow@WidgetContainer@Sexy@@UEAA_NPEAVWidget@2@0@Z)
Board.obj : error LNK2001: unresolved external symbol "public: virtual void __cdecl Sexy::WidgetContainer::MarkAllDirty(void)" (?MarkAllDirty@WidgetContainer@Sexy@@UEAAXXZ)
Board.obj : error LNK2001: unresolved external symbol "public: virtual void __cdecl Sexy::WidgetContainer::BringToFront(class Sexy::Widget *)" (?BringToFront@WidgetContainer@Sexy@@UEAAXPEAVWidget@2@@Z)
Board.obj : error LNK2001: unresolved external symbol "public: virtual void __cdecl Sexy::WidgetContainer::BringToBack(class Sexy::Widget *)" (?BringToBack@WidgetContainer@Sexy@@UEAAXPEAVWidget@2@@Z)
Board.obj : error LNK2001: unresolved external symbol "public: virtual void __cdecl Sexy::WidgetContainer::PutBehind(class Sexy::Widget *,class Sexy::Widget *)" (?PutBehind@WidgetContainer@Sexy@@UEAAXPEAVWidget@2@0@Z)
Board.obj : error LNK2001: unresolved external symbol "public: virtual void __cdecl Sexy::WidgetContainer::PutInfront(class Sexy::Widget *,class Sexy::Widget *)" (?PutInfront@WidgetContainer@Sexy@@UEAAXPEAVWidget@2@0@Z)
Board.obj : error LNK2001: unresolved external symbol "public: virtual class Sexy::TPoint<int> __cdecl Sexy::WidgetContainer::GetAbsPos(void)" (?GetAbsPos@WidgetContainer@Sexy@@UEAA?AV?$TPoint@H@2@XZ)
Board.obj : error LNK2001: unresolved external symbol "public: virtual void __cdecl Sexy::WidgetContainer::MarkDirty(void)" (?MarkDirty@WidgetContainer@Sexy@@UEAAXXZ)
Board.obj : error LNK2001: unresolved external symbol "public: virtual void __cdecl Sexy::WidgetContainer::MarkDirtyFull(void)" (?MarkDirtyFull@WidgetContainer@Sexy@@UEAAXXZ)
Board.obj : error LNK2001: unresolved external symbol "public: virtual void __cdecl Sexy::WidgetContainer::MarkDirtyFull(class Sexy::WidgetContainer *)" (?MarkDirtyFull@WidgetContainer@Sexy@@UEAAXPEAV12@@Z)
Board.obj : error LNK2001: unresolved external symbol "public: virtual void __cdecl Sexy::WidgetContainer::MarkDirty(class Sexy::WidgetContainer *)" (?MarkDirty@WidgetContainer@Sexy@@UEAAXPEAV12@@Z)
Board.obj : error LNK2001: unresolved external symbol "public: virtual void __cdecl Sexy::WidgetContainer::AddedToManager(class Sexy::WidgetManager *)" (?AddedToManager@WidgetContainer@Sexy@@UEAAXPEAVWidgetManager@2@@Z)
Board.obj : error LNK2001: unresolved external symbol "public: virtual void __cdecl Sexy::WidgetContainer::RemovedFromManager(class Sexy::WidgetManager *)" (?RemovedFromManager@WidgetContainer@Sexy@@UEAAXPEAVWidgetManager@2@@Z)
Board.obj : error LNK2001: unresolved external symbol "public: virtual void __cdecl Sexy::WidgetContainer::UpdateAll(class Sexy::ModalFlags *)" (?UpdateAll@WidgetContainer@Sexy@@UEAAXPEAVModalFlags@2@@Z)
Board.obj : error LNK2001: unresolved external symbol "public: virtual void __cdecl Sexy::WidgetContainer::UpdateFAll(class Sexy::ModalFlags *,float)" (?UpdateFAll@WidgetContainer@Sexy@@UEAAXPEAVModalFlags@2@M@Z)
Board.obj : error LNK2001: unresolved external symbol "public: virtual void __cdecl Sexy::WidgetContainer::DrawAll(class Sexy::ModalFlags *,class Sexy::Graphics *)" (?DrawAll@WidgetContainer@Sexy@@UEAAXPEAVModalFlags@2@PEAVGraphics@2@@Z)
Board.obj : error LNK2001: unresolved external symbol "public: virtual void __cdecl Sexy::WidgetContainer::SysColorChangedAll(void)" (?SysColorChangedAll@WidgetContainer@Sexy@@UEAAXXZ)
Board.obj : error LNK2001: unresolved external symbol "public: virtual void __cdecl Sexy::WidgetContainer::SysColorChanged(void)" (?SysColorChanged@WidgetContainer@Sexy@@UEAAXXZ)
Board.obj : error LNK2019: unresolved external symbol "public: __cdecl Sexy::Widget::Widget(void)" (??0Widget@Sexy@@QEAA@XZ) referenced in function "public: __cdecl Sexy::Board::Board(class Sexy::GameApp *)" (??0Board@Sexy@@QEAA@PEAVGameApp@1@@Z)
Board.obj : error LNK2019: unresolved external symbol "public: virtual __cdecl Sexy::Widget::~Widget(void)" (??1Widget@Sexy@@UEAA@XZ) referenced in function "public: virtual __cdecl Sexy::Board::~Board(void)" (??1Board@Sexy@@UEAA@XZ)
Board.obj : error LNK2001: unresolved external symbol "public: virtual void __cdecl Sexy::Widget::OrderInManagerChanged(void)" (?OrderInManagerChanged@Widget@Sexy@@UEAAXXZ)
Board.obj : error LNK2001: unresolved external symbol "public: virtual void __cdecl Sexy::Widget::SetVisible(bool)" (?SetVisible@Widget@Sexy@@UEAAX_N@Z)
Board.obj : error LNK2001: unresolved external symbol "public: virtual void __cdecl Sexy::Widget::SetColors(int (* const)[3],int)" (?SetColors@Widget@Sexy@@UEAAXQEAY02HH@Z)
Board.obj : error LNK2001: unresolved external symbol "public: virtual void __cdecl Sexy::Widget::SetColors(int (* const)[4],int)" (?SetColors@Widget@Sexy@@UEAAXQEAY03HH@Z)
Board.obj : error LNK2001: unresolved external symbol "public: virtual void __cdecl Sexy::Widget::SetColor(int,class Sexy::Color const &)" (?SetColor@Widget@Sexy@@UEAAXHAEBVColor@2@@Z)
Board.obj : error LNK2001: unresolved external symbol "public: virtual class Sexy::Color const & __cdecl Sexy::Widget::GetColor(int)" (?GetColor@Widget@Sexy@@UEAAAEBVColor@2@H@Z)
Board.obj : error LNK2001: unresolved external symbol "public: virtual class Sexy::Color __cdecl Sexy::Widget::GetColor(int,class Sexy::Color const &)" (?GetColor@Widget@Sexy@@UEAA?AVColor@2@HAEBV32@@Z)
Board.obj : error LNK2001: unresolved external symbol "public: virtual void __cdecl Sexy::Widget::SetDisabled(bool)" (?SetDisabled@Widget@Sexy@@UEAAX_N@Z)
Board.obj : error LNK2001: unresolved external symbol "public: virtual void __cdecl Sexy::Widget::ShowFinger(bool)" (?ShowFinger@Widget@Sexy@@UEAAX_N@Z)
Board.obj : error LNK2001: unresolved external symbol "public: virtual void __cdecl Sexy::Widget::Resize(int,int,int,int)" (?Resize@Widget@Sexy@@UEAAXHHHH@Z)
Board.obj : error LNK2001: unresolved external symbol "public: virtual void __cdecl Sexy::Widget::Resize(class Sexy::TRect<int> const &)" (?Resize@Widget@Sexy@@UEAAXAEBV?$TRect@H@2@@Z)
Board.obj : error LNK2001: unresolved external symbol "public: virtual void __cdecl Sexy::Widget::Move(int,int)" (?Move@Widget@Sexy@@UEAAXHH@Z)
Board.obj : error LNK2001: unresolved external symbol "public: virtual bool __cdecl Sexy::Widget::WantsFocus(void)" (?WantsFocus@Widget@Sexy@@UEAA_NXZ)
Board.obj : error LNK2001: unresolved external symbol "public: virtual void __cdecl Sexy::Widget::DrawOverlay(class Sexy::Graphics *)" (?DrawOverlay@Widget@Sexy@@UEAAXPEAVGraphics@2@@Z)
Board.obj : error LNK2001: unresolved external symbol "public: virtual void __cdecl Sexy::Widget::DrawOverlay(class Sexy::Graphics *,int)" (?DrawOverlay@Widget@Sexy@@UEAAXPEAVGraphics@2@H@Z)
Board.obj : error LNK2019: unresolved external symbol "public: virtual void __cdecl Sexy::Widget::Update(void)" (?Update@Widget@Sexy@@UEAAXXZ) referenced in function "public: virtual void __cdecl Sexy::Board::Update(void)" (?Update@Board@Sexy@@UEAAXXZ)
Board.obj : error LNK2001: unresolved external symbol "public: virtual void __cdecl Sexy::Widget::UpdateF(float)" (?UpdateF@Widget@Sexy@@UEAAXM@Z)
Board.obj : error LNK2001: unresolved external symbol "public: virtual void __cdecl Sexy::Widget::GotFocus(void)" (?GotFocus@Widget@Sexy@@UEAAXXZ)
Board.obj : error LNK2001: unresolved external symbol "public: virtual void __cdecl Sexy::Widget::LostFocus(void)" (?LostFocus@Widget@Sexy@@UEAAXXZ)
Board.obj : error LNK2001: unresolved external symbol "public: virtual void __cdecl Sexy::Widget::KeyChar(char)" (?KeyChar@Widget@Sexy@@UEAAXD@Z)
Board.obj : error LNK2001: unresolved external symbol "public: virtual void __cdecl Sexy::Widget::KeyDown(enum Sexy::KeyCode)" (?KeyDown@Widget@Sexy@@UEAAXW4KeyCode@2@@Z)
Board.obj : error LNK2001: unresolved external symbol "public: virtual void __cdecl Sexy::Widget::KeyUp(enum Sexy::KeyCode)" (?KeyUp@Widget@Sexy@@UEAAXW4KeyCode@2@@Z)
Board.obj : error LNK2001: unresolved external symbol "public: virtual void __cdecl Sexy::Widget::MouseEnter(void)" (?MouseEnter@Widget@Sexy@@UEAAXXZ)
Board.obj : error LNK2001: unresolved external symbol "public: virtual void __cdecl Sexy::Widget::MouseLeave(void)" (?MouseLeave@Widget@Sexy@@UEAAXXZ)
Board.obj : error LNK2001: unresolved external symbol "public: virtual void __cdecl Sexy::Widget::MouseMove(int,int)" (?MouseMove@Widget@Sexy@@UEAAXHH@Z)
Board.obj : error LNK2001: unresolved external symbol "public: virtual void __cdecl Sexy::Widget::MouseDown(int,int,int)" (?MouseDown@Widget@Sexy@@UEAAXHHH@Z)
Board.obj : error LNK2001: unresolved external symbol "public: virtual void __cdecl Sexy::Widget::MouseDown(int,int,int,int)" (?MouseDown@Widget@Sexy@@UEAAXHHHH@Z)
Board.obj : error LNK2001: unresolved external symbol "public: virtual void __cdecl Sexy::Widget::MouseUp(int,int)" (?MouseUp@Widget@Sexy@@UEAAXHH@Z)
Board.obj : error LNK2001: unresolved external symbol "public: virtual void __cdecl Sexy::Widget::MouseUp(int,int,int)" (?MouseUp@Widget@Sexy@@UEAAXHHH@Z)
Board.obj : error LNK2001: unresolved external symbol "public: virtual void __cdecl Sexy::Widget::MouseUp(int,int,int,int)" (?MouseUp@Widget@Sexy@@UEAAXHHHH@Z)
Board.obj : error LNK2001: unresolved external symbol "public: virtual void __cdecl Sexy::Widget::MouseDrag(int,int)" (?MouseDrag@Widget@Sexy@@UEAAXHH@Z)
Board.obj : error LNK2001: unresolved external symbol "public: virtual void __cdecl Sexy::Widget::MouseWheel(int)" (?MouseWheel@Widget@Sexy@@UEAAXH@Z)
Board.obj : error LNK2001: unresolved external symbol "public: virtual bool __cdecl Sexy::Widget::IsPointVisible(int,int)" (?IsPointVisible@Widget@Sexy@@UEAA_NHH@Z)
Board.obj : error LNK2001: unresolved external symbol "public: virtual class Sexy::TRect<int> __cdecl Sexy::Widget::WriteCenteredLine(class Sexy::Graphics *,int,class std::basic_string<char,struct std::char_traits<char>,class std::allocator<char> > const &)" (?WriteCenteredLine@Widget@Sexy@@UEAA?AV?$TRect@H@2@PEAVGraphics@2@HAEBV?$basic_string@DU?$char_traits@D@std@@V?$allocator@D@2@@std@@@Z)
Board.obj : error LNK2001: unresolved external symbol "public: virtual class Sexy::TRect<int> __cdecl Sexy::Widget::WriteCenteredLine(class Sexy::Graphics *,int,class std::basic_string<char,struct std::char_traits<char>,class std::allocator<char> > const &,class Sexy::Color,class Sexy::Color,class Sexy::TPoint<int> const &)" (?WriteCenteredLine@Widget@Sexy@@UEAA?AV?$TRect@H@2@PEAVGraphics@2@HAEBV?$basic_string@DU?$char_traits@D@std@@V?$allocator@D@2@@std@@VColor@2@2AEBV?$TPoint@H@2@@Z)
Board.obj : error LNK2001: unresolved external symbol "public: virtual int __cdecl Sexy::Widget::WriteString(class Sexy::Graphics *,class std::basic_string<char,struct std::char_traits<char>,class std::allocator<char> > const &,int,int,int,int,bool,int,int)" (?WriteString@Widget@Sexy@@UEAAHPEAVGraphics@2@AEBV?$basic_string@DU?$char_traits@D@std@@V?$allocator@D@2@@std@@HHHH_NHH@Z)
Board.obj : error LNK2001: unresolved external symbol "public: virtual int __cdecl Sexy::Widget::WriteWordWrapped(class Sexy::Graphics *,class Sexy::TRect<int> const &,class std::basic_string<char,struct std::char_traits<char>,class std::allocator<char> > const &,int,int)" (?WriteWordWrapped@Widget@Sexy@@UEAAHPEAVGraphics@2@AEBV?$TRect@H@2@AEBV?$basic_string@DU?$char_traits@D@std@@V?$allocator@D@2@@std@@HH@Z)
Board.obj : error LNK2001: unresolved external symbol "public: virtual int __cdecl Sexy::Widget::GetWordWrappedHeight(class Sexy::Graphics *,int,class std::basic_string<char,struct std::char_traits<char>,class std::allocator<char> > const &,int)" (?GetWordWrappedHeight@Widget@Sexy@@UEAAHPEAVGraphics@2@HAEBV?$basic_string@DU?$char_traits@D@std@@V?$allocator@D@2@@std@@H@Z)
Board.obj : error LNK2001: unresolved external symbol "public: virtual int __cdecl Sexy::Widget::GetNumDigits(int)" (?GetNumDigits@Widget@Sexy@@UEAAHH@Z)
Board.obj : error LNK2001: unresolved external symbol "public: virtual void __cdecl Sexy::Widget::WriteNumberFromStrip(class Sexy::Graphics *,int,int,int,class Sexy::Image *,int)" (?WriteNumberFromStrip@Widget@Sexy@@UEAAXPEAVGraphics@2@HHHPEAVImage@2@H@Z)
Board.obj : error LNK2001: unresolved external symbol "public: virtual bool __cdecl Sexy::Widget::Contains(int,int)" (?Contains@Widget@Sexy@@UEAA_NHH@Z)
Board.obj : error LNK2001: unresolved external symbol "public: virtual class Sexy::TRect<int> __cdecl Sexy::Widget::GetInsetRect(void)" (?GetInsetRect@Widget@Sexy@@UEAA?AV?$TRect@H@2@XZ)
GameApp.obj : error LNK2001: unresolved external symbol "protected: virtual bool __cdecl Sexy::SexyAppBase::Process(bool)" (?Process@SexyAppBase@Sexy@@MEAA_N_N@Z)
GameApp.obj : error LNK2001: unresolved external symbol "protected: virtual void __cdecl Sexy::SexyAppBase::UpdateFrames(void)" (?UpdateFrames@SexyAppBase@Sexy@@MEAAXXZ)
GameApp.obj : error LNK2001: unresolved external symbol "protected: virtual bool __cdecl Sexy::SexyAppBase::DoUpdateFrames(void)" (?DoUpdateFrames@SexyAppBase@Sexy@@MEAA_NXZ)
GameApp.obj : error LNK2001: unresolved external symbol "protected: virtual void __cdecl Sexy::SexyAppBase::DoUpdateFramesF(float)" (?DoUpdateFramesF@SexyAppBase@Sexy@@MEAAXM@Z)
GameApp.obj : error LNK2001: unresolved external symbol "protected: virtual void __cdecl Sexy::SexyAppBase::MakeWindow(void)" (?MakeWindow@SexyAppBase@Sexy@@MEAAXXZ)
GameApp.obj : error LNK2001: unresolved external symbol "protected: virtual void __cdecl Sexy::SexyAppBase::EnforceCursor(void)" (?EnforceCursor@SexyAppBase@Sexy@@MEAAXXZ)
GameApp.obj : error LNK2001: unresolved external symbol "protected: virtual void __cdecl Sexy::SexyAppBase::ReInitImages(void)" (?ReInitImages@SexyAppBase@Sexy@@MEAAXXZ)
GameApp.obj : error LNK2001: unresolved external symbol "protected: virtual void __cdecl Sexy::SexyAppBase::DeleteNativeImageData(void)" (?DeleteNativeImageData@SexyAppBase@Sexy@@MEAAXXZ)
GameApp.obj : error LNK2001: unresolved external symbol "protected: virtual void __cdecl Sexy::SexyAppBase::DeleteExtraImageData(void)" (?DeleteExtraImageData@SexyAppBase@Sexy@@MEAAXXZ)
GameApp.obj : error LNK2019: unresolved external symbol "protected: virtual void __cdecl Sexy::SexyAppBase::LoadingThreadCompleted(void)" (?LoadingThreadCompleted@SexyAppBase@Sexy@@MEAAXXZ) referenced in function "public: virtual void __cdecl Sexy::GameApp::LoadingThreadCompleted(void)" (?LoadingThreadCompleted@GameApp@Sexy@@UEAAXXZ)
GameApp.obj : error LNK2019: unresolved external symbol "public: __cdecl Sexy::SexyAppBase::SexyAppBase(void)" (??0SexyAppBase@Sexy@@QEAA@XZ) referenced in function "public: __cdecl Sexy::GameApp::GameApp(void)" (??0GameApp@Sexy@@QEAA@XZ)
GameApp.obj : error LNK2019: unresolved external symbol "public: virtual __cdecl Sexy::SexyAppBase::~SexyAppBase(void)" (??1SexyAppBase@Sexy@@UEAA@XZ) referenced in function "int `public: __cdecl Sexy::GameApp::GameApp(void)'::`1'::dtor$0" (?dtor$0@?0???0GameApp@Sexy@@QEAA@XZ@4HA)
GameApp.obj : error LNK2001: unresolved external symbol "public: virtual class Sexy::MusicInterface * __cdecl Sexy::SexyAppBase::CreateMusicInterface(struct HWND__ *)" (?CreateMusicInterface@SexyAppBase@Sexy@@UEAAPEAVMusicInterface@2@PEAUHWND__@@@Z)
GameApp.obj : error LNK2001: unresolved external symbol "public: virtual void __cdecl Sexy::SexyAppBase::InitHook(void)" (?InitHook@SexyAppBase@Sexy@@UEAAXXZ)
GameApp.obj : error LNK2001: unresolved external symbol "public: virtual void __cdecl Sexy::SexyAppBase::ShutdownHook(void)" (?ShutdownHook@SexyAppBase@Sexy@@UEAAXXZ)
GameApp.obj : error LNK2001: unresolved external symbol "public: virtual void __cdecl Sexy::SexyAppBase::PreTerminate(void)" (?PreTerminate@SexyAppBase@Sexy@@UEAAXXZ)
GameApp.obj : error LNK2001: unresolved external symbol "public: virtual void __cdecl Sexy::SexyAppBase::WriteToRegistry(void)" (?WriteToRegistry@SexyAppBase@Sexy@@UEAAXXZ)
GameApp.obj : error LNK2001: unresolved external symbol "public: virtual void __cdecl Sexy::SexyAppBase::ReadFromRegistry(void)" (?ReadFromRegistry@SexyAppBase@Sexy@@UEAAXXZ)
GameApp.obj : error LNK2001: unresolved external symbol "public: virtual class Sexy::Dialog * __cdecl Sexy::SexyAppBase::NewDialog(int,bool,class std::basic_string<char,struct std::char_traits<char>,class std::allocator<char> > const &,class std::basic_string<char,struct std::char_traits<char>,class std::allocator<char> > const &,class std::basic_string<char,struct std::char_traits<char>,class std::allocator<char> > const &,int)" (?NewDialog@SexyAppBase@Sexy@@UEAAPEAVDialog@2@H_NAEBV?$basic_string@DU?$char_traits@D@std@@V?$allocator@D@2@@std@@11H@Z)
GameApp.obj : error LNK2001: unresolved external symbol "public: virtual void __cdecl Sexy::SexyAppBase::PreDisplayHook(void)" (?PreDisplayHook@SexyAppBase@Sexy@@UEAAXXZ)
GameApp.obj : error LNK2001: unresolved external symbol "public: virtual void __cdecl Sexy::SexyAppBase::BeginPopup(void)" (?BeginPopup@SexyAppBase@Sexy@@UEAAXXZ)
GameApp.obj : error LNK2001: unresolved external symbol "public: virtual void __cdecl Sexy::SexyAppBase::EndPopup(void)" (?EndPopup@SexyAppBase@Sexy@@UEAAXXZ)
GameApp.obj : error LNK2001: unresolved external symbol "public: virtual int __cdecl Sexy::SexyAppBase::MsgBox(class std::basic_string<char,struct std::char_traits<char>,class std::allocator<char> > const &,class std::basic_string<char,struct std::char_traits<char>,class std::allocator<char> > const &,int)" (?MsgBox@SexyAppBase@Sexy@@UEAAHAEBV?$basic_string@DU?$char_traits@D@std@@V?$allocator@D@2@@std@@0H@Z)
GameApp.obj : error LNK2001: unresolved external symbol "public: virtual int __cdecl Sexy::SexyAppBase::MsgBox(class std::basic_string<wchar_t,struct std::char_traits<wchar_t>,class std::allocator<wchar_t> > const &,class std::basic_string<wchar_t,struct std::char_traits<wchar_t>,class std::allocator<wchar_t> > const &,int)" (?MsgBox@SexyAppBase@Sexy@@UEAAHAEBV?$basic_string@_WU?$char_traits@_W@std@@V?$allocator@_W@2@@std@@0H@Z)
GameApp.obj : error LNK2001: unresolved external symbol "public: virtual void __cdecl Sexy::SexyAppBase::Popup(class std::basic_string<char,struct std::char_traits<char>,class std::allocator<char> > const &)" (?Popup@SexyAppBase@Sexy@@UEAAXAEBV?$basic_string@DU?$char_traits@D@std@@V?$allocator@D@2@@std@@@Z)
GameApp.obj : error LNK2001: unresolved external symbol "public: virtual void __cdecl Sexy::SexyAppBase::Popup(class std::basic_string<wchar_t,struct std::char_traits<wchar_t>,class std::allocator<wchar_t> > const &)" (?Popup@SexyAppBase@Sexy@@UEAAXAEBV?$basic_string@_WU?$char_traits@_W@std@@V?$allocator@_W@2@@std@@@Z)
GameApp.obj : error LNK2001: unresolved external symbol "public: virtual void __cdecl Sexy::SexyAppBase::LogScreenSaverError(class std::basic_string<char,struct std::char_traits<char>,class std::allocator<char> > const &)" (?LogScreenSaverError@SexyAppBase@Sexy@@UEAAXAEBV?$basic_string@DU?$char_traits@D@std@@V?$allocator@D@2@@std@@@Z)
GameApp.obj : error LNK2001: unresolved external symbol "public: virtual void __cdecl Sexy::SexyAppBase::SafeDeleteWidget(class Sexy::Widget *)" (?SafeDeleteWidget@SexyAppBase@Sexy@@UEAAXPEAVWidget@2@@Z)
GameApp.obj : error LNK2001: unresolved external symbol "public: virtual void __cdecl Sexy::SexyAppBase::URLOpenFailed(class std::basic_string<char,struct std::char_traits<char>,class std::allocator<char> > const &)" (?URLOpenFailed@SexyAppBase@Sexy@@UEAAXAEBV?$basic_string@DU?$char_traits@D@std@@V?$allocator@D@2@@std@@@Z)
GameApp.obj : error LNK2001: unresolved external symbol "public: virtual void __cdecl Sexy::SexyAppBase::URLOpenSucceeded(class std::basic_string<char,struct std::char_traits<char>,class std::allocator<char> > const &)" (?URLOpenSucceeded@SexyAppBase@Sexy@@UEAAXAEBV?$basic_string@DU?$char_traits@D@std@@V?$allocator@D@2@@std@@@Z)
GameApp.obj : error LNK2001: unresolved external symbol "public: virtual bool __cdecl Sexy::SexyAppBase::OpenURL(class std::basic_string<char,struct std::char_traits<char>,class std::allocator<char> > const &,bool)" (?OpenURL@SexyAppBase@Sexy@@UEAA_NAEBV?$basic_string@DU?$char_traits@D@std@@V?$allocator@D@2@@std@@_N@Z)
GameApp.obj : error LNK2001: unresolved external symbol "public: virtual class std::basic_string<char,struct std::char_traits<char>,class std::allocator<char> > __cdecl Sexy::SexyAppBase::GetProductVersion(class std::basic_string<char,struct std::char_traits<char>,class std::allocator<char> > const &)" (?GetProductVersion@SexyAppBase@Sexy@@UEAA?AV?$basic_string@DU?$char_traits@D@std@@V?$allocator@D@2@@std@@AEBV34@@Z)
GameApp.obj : error LNK2001: unresolved external symbol "public: virtual void __cdecl Sexy::SexyAppBase::SEHOccured(void)" (?SEHOccured@SexyAppBase@Sexy@@UEAAXXZ)
GameApp.obj : error LNK2001: unresolved external symbol "public: virtual class std::basic_string<char,struct std::char_traits<char>,class std::allocator<char> > __cdecl Sexy::SexyAppBase::GetGameSEHInfo(void)" (?GetGameSEHInfo@SexyAppBase@Sexy@@UEAA?AV?$basic_string@DU?$char_traits@D@std@@V?$allocator@D@2@@std@@XZ)
GameApp.obj : error LNK2001: unresolved external symbol "public: virtual void __cdecl Sexy::SexyAppBase::GetSEHWebParams(class std::map<class std::basic_string<char,struct std::char_traits<char>,class std::allocator<char> >,class std::basic_string<char,struct std::char_traits<char>,class std::allocator<char> >,struct std::less<class std::basic_string<char,struct std::char_traits<char>,class std::allocator<char> > >,class std::allocator<struct std::pair<class std::basic_string<char,struct std::char_traits<char>,class std::allocator<char> > const ,class std::basic_string<char,struct std::char_traits<char>,class std::allocator<char> > > > > *)" (?GetSEHWebParams@SexyAppBase@Sexy@@UEAAXPEAV?$map@V?$basic_string@DU?$char_traits@D@std@@V?$allocator@D@2@@std@@V12@U?$less@V?$basic_string@DU?$char_traits@D@std@@V?$allocator@D@2@@std@@@2@V?$allocator@U?$pair@$$CBV?$basic_string@DU?$char_traits@D@std@@V?$allocator@D@2@@std@@V12@@std@@@2@@std@@@Z)
GameApp.obj : error LNK2001: unresolved external symbol "public: virtual void __cdecl Sexy::SexyAppBase::Shutdown(void)" (?Shutdown@SexyAppBase@Sexy@@UEAAXXZ)
GameApp.obj : error LNK2001: unresolved external symbol "public: virtual void __cdecl Sexy::SexyAppBase::DoParseCmdLine(void)" (?DoParseCmdLine@SexyAppBase@Sexy@@UEAAXXZ)
GameApp.obj : error LNK2001: unresolved external symbol "public: virtual void __cdecl Sexy::SexyAppBase::ParseCmdLine(class std::basic_string<char,struct std::char_traits<char>,class std::allocator<char> > const &)" (?ParseCmdLine@SexyAppBase@Sexy@@UEAAXAEBV?$basic_string@DU?$char_traits@D@std@@V?$allocator@D@2@@std@@@Z)
GameApp.obj : error LNK2001: unresolved external symbol "public: virtual void __cdecl Sexy::SexyAppBase::HandleCmdLineParam(class std::basic_string<char,struct std::char_traits<char>,class std::allocator<char> > const &,class std::basic_string<char,struct std::char_traits<char>,class std::allocator<char> > const &)" (?HandleCmdLineParam@SexyAppBase@Sexy@@UEAAXAEBV?$basic_string@DU?$char_traits@D@std@@V?$allocator@D@2@@std@@0@Z)
GameApp.obj : error LNK2001: unresolved external symbol "public: virtual void __cdecl Sexy::SexyAppBase::HandleNotifyGameMessage(int,int)" (?HandleNotifyGameMessage@SexyAppBase@Sexy@@UEAAXHH@Z)
GameApp.obj : error LNK2001: unresolved external symbol "public: virtual void __cdecl Sexy::SexyAppBase::HandleGameAlreadyRunning(void)" (?HandleGameAlreadyRunning@SexyAppBase@Sexy@@UEAAXXZ)
GameApp.obj : error LNK2001: unresolved external symbol "public: virtual void __cdecl Sexy::SexyAppBase::Start(void)" (?Start@SexyAppBase@Sexy@@UEAAXXZ)
GameApp.obj : error LNK2019: unresolved external symbol "public: virtual void __cdecl Sexy::SexyAppBase::Init(void)" (?Init@SexyAppBase@Sexy@@UEAAXXZ) referenced in function "public: virtual void __cdecl Sexy::GameApp::Init(void)" (?Init@GameApp@Sexy@@UEAAXXZ)
GameApp.obj : error LNK2001: unresolved external symbol "public: virtual void __cdecl Sexy::SexyAppBase::PreDDInterfaceInitHook(void)" (?PreDDInterfaceInitHook@SexyAppBase@Sexy@@UEAAXXZ)
GameApp.obj : error LNK2001: unresolved external symbol "public: virtual void __cdecl Sexy::SexyAppBase::PostDDInterfaceInitHook(void)" (?PostDDInterfaceInitHook@SexyAppBase@Sexy@@UEAAXXZ)
GameApp.obj : error LNK2001: unresolved external symbol "public: virtual bool __cdecl Sexy::SexyAppBase::ChangeDirHook(char const *)" (?ChangeDirHook@SexyAppBase@Sexy@@UEAA_NPEBD@Z)
GameApp.obj : error LNK2001: unresolved external symbol "public: virtual void __cdecl Sexy::SexyAppBase::PlaySample(int)" (?PlaySample@SexyAppBase@Sexy@@UEAAXH@Z)
GameApp.obj : error LNK2001: unresolved external symbol "public: virtual void __cdecl Sexy::SexyAppBase::PlaySample(int,int)" (?PlaySample@SexyAppBase@Sexy@@UEAAXHH@Z)
GameApp.obj : error LNK2001: unresolved external symbol "public: virtual double __cdecl Sexy::SexyAppBase::GetMasterVolume(void)" (?GetMasterVolume@SexyAppBase@Sexy@@UEAANXZ)
GameApp.obj : error LNK2001: unresolved external symbol "public: virtual double __cdecl Sexy::SexyAppBase::GetMusicVolume(void)" (?GetMusicVolume@SexyAppBase@Sexy@@UEAANXZ)
GameApp.obj : error LNK2001: unresolved external symbol "public: virtual double __cdecl Sexy::SexyAppBase::GetSfxVolume(void)" (?GetSfxVolume@SexyAppBase@Sexy@@UEAANXZ)
GameApp.obj : error LNK2001: unresolved external symbol "public: virtual bool __cdecl Sexy::SexyAppBase::IsMuted(void)" (?IsMuted@SexyAppBase@Sexy@@UEAA_NXZ)
GameApp.obj : error LNK2001: unresolved external symbol "public: virtual void __cdecl Sexy::SexyAppBase::SetMasterVolume(double)" (?SetMasterVolume@SexyAppBase@Sexy@@UEAAXN@Z)
GameApp.obj : error LNK2001: unresolved external symbol "public: virtual void __cdecl Sexy::SexyAppBase::SetMusicVolume(double)" (?SetMusicVolume@SexyAppBase@Sexy@@UEAAXN@Z)
GameApp.obj : error LNK2001: unresolved external symbol "public: virtual void __cdecl Sexy::SexyAppBase::SetSfxVolume(double)" (?SetSfxVolume@SexyAppBase@Sexy@@UEAAXN@Z)
GameApp.obj : error LNK2001: unresolved external symbol "public: virtual void __cdecl Sexy::SexyAppBase::Mute(bool)" (?Mute@SexyAppBase@Sexy@@UEAAX_N@Z)
GameApp.obj : error LNK2001: unresolved external symbol "public: virtual void __cdecl Sexy::SexyAppBase::Unmute(bool)" (?Unmute@SexyAppBase@Sexy@@UEAAX_N@Z)
GameApp.obj : error LNK2001: unresolved external symbol "public: virtual double __cdecl Sexy::SexyAppBase::GetLoadingThreadProgress(void)" (?GetLoadingThreadProgress@SexyAppBase@Sexy@@UEAANXZ)
GameApp.obj : error LNK2001: unresolved external symbol "public: virtual class Sexy::DDImage * __cdecl Sexy::SexyAppBase::GetImage(class std::basic_string<char,struct std::char_traits<char>,class std::allocator<char> > const &,bool)" (?GetImage@SexyAppBase@Sexy@@UEAAPEAVDDImage@2@AEBV?$basic_string@DU?$char_traits@D@std@@V?$allocator@D@2@@std@@_N@Z)
GameApp.obj : error LNK2001: unresolved external symbol "public: virtual class Sexy::SharedImageRef __cdecl Sexy::SexyAppBase::GetSharedImage(class std::basic_string<char,struct std::char_traits<char>,class std::allocator<char> > const &,class std::basic_string<char,struct std::char_traits<char>,class std::allocator<char> > const &,bool *)" (?GetSharedImage@SexyAppBase@Sexy@@UEAA?AVSharedImageRef@2@AEBV?$basic_string@DU?$char_traits@D@std@@V?$allocator@D@2@@std@@0PEA_N@Z)
GameApp.obj : error LNK2001: unresolved external symbol "public: virtual void __cdecl Sexy::SexyAppBase::SwitchScreenMode(void)" (?SwitchScreenMode@SexyAppBase@Sexy@@UEAAXXZ)
GameApp.obj : error LNK2001: unresolved external symbol "public: virtual void __cdecl Sexy::SexyAppBase::SwitchScreenMode(bool)" (?SwitchScreenMode@SexyAppBase@Sexy@@UEAAX_N@Z)
GameApp.obj : error LNK2001: unresolved external symbol "public: virtual void __cdecl Sexy::SexyAppBase::SwitchScreenMode(bool,bool,bool)" (?SwitchScreenMode@SexyAppBase@Sexy@@UEAAX_N00@Z)
GameApp.obj : error LNK2001: unresolved external symbol "public: virtual void __cdecl Sexy::SexyAppBase::SetAlphaDisabled(bool)" (?SetAlphaDisabled@SexyAppBase@Sexy@@UEAAX_N@Z)
GameApp.obj : error LNK2001: unresolved external symbol "public: virtual class Sexy::Dialog * __cdecl Sexy::SexyAppBase::DoDialog(int,bool,class std::basic_string<char,struct std::char_traits<char>,class std::allocator<char> > const &,class std::basic_string<char,struct std::char_traits<char>,class std::allocator<char> > const &,class std::basic_string<char,struct std::char_traits<char>,class std::allocator<char> > const &,int)" (?DoDialog@SexyAppBase@Sexy@@UEAAPEAVDialog@2@H_NAEBV?$basic_string@DU?$char_traits@D@std@@V?$allocator@D@2@@std@@11H@Z)
GameApp.obj : error LNK2001: unresolved external symbol "public: virtual class Sexy::Dialog * __cdecl Sexy::SexyAppBase::GetDialog(int)" (?GetDialog@SexyAppBase@Sexy@@UEAAPEAVDialog@2@H@Z)
GameApp.obj : error LNK2001: unresolved external symbol "public: virtual void __cdecl Sexy::SexyAppBase::AddDialog(int,class Sexy::Dialog *)" (?AddDialog@SexyAppBase@Sexy@@UEAAXHPEAVDialog@2@@Z)
GameApp.obj : error LNK2001: unresolved external symbol "public: virtual void __cdecl Sexy::SexyAppBase::AddDialog(class Sexy::Dialog *)" (?AddDialog@SexyAppBase@Sexy@@UEAAXPEAVDialog@2@@Z)
GameApp.obj : error LNK2001: unresolved external symbol "public: virtual bool __cdecl Sexy::SexyAppBase::KillDialog(int,bool,bool)" (?KillDialog@SexyAppBase@Sexy@@UEAA_NH_N0@Z)
GameApp.obj : error LNK2001: unresolved external symbol "public: virtual bool __cdecl Sexy::SexyAppBase::KillDialog(int)" (?KillDialog@SexyAppBase@Sexy@@UEAA_NH@Z)
GameApp.obj : error LNK2001: unresolved external symbol "public: virtual bool __cdecl Sexy::SexyAppBase::KillDialog(class Sexy::Dialog *)" (?KillDialog@SexyAppBase@Sexy@@UEAA_NPEAVDialog@2@@Z)
GameApp.obj : error LNK2001: unresolved external symbol "public: virtual int __cdecl Sexy::SexyAppBase::GetDialogCount(void)" (?GetDialogCount@SexyAppBase@Sexy@@UEAAHXZ)
GameApp.obj : error LNK2001: unresolved external symbol "public: virtual void __cdecl Sexy::SexyAppBase::ModalOpen(void)" (?ModalOpen@SexyAppBase@Sexy@@UEAAXXZ)
GameApp.obj : error LNK2001: unresolved external symbol "public: virtual void __cdecl Sexy::SexyAppBase::ModalClose(void)" (?ModalClose@SexyAppBase@Sexy@@UEAAXXZ)
GameApp.obj : error LNK2001: unresolved external symbol "public: virtual void __cdecl Sexy::SexyAppBase::DialogButtonPress(int,int)" (?DialogButtonPress@SexyAppBase@Sexy@@UEAAXHH@Z)
GameApp.obj : error LNK2001: unresolved external symbol "public: virtual void __cdecl Sexy::SexyAppBase::DialogButtonDepress(int,int)" (?DialogButtonDepress@SexyAppBase@Sexy@@UEAAXHH@Z)
GameApp.obj : error LNK2001: unresolved external symbol "public: virtual void __cdecl Sexy::SexyAppBase::GotFocus(void)" (?GotFocus@SexyAppBase@Sexy@@UEAAXXZ)
GameApp.obj : error LNK2001: unresolved external symbol "public: virtual void __cdecl Sexy::SexyAppBase::LostFocus(void)" (?LostFocus@SexyAppBase@Sexy@@UEAAXXZ)
GameApp.obj : error LNK2001: unresolved external symbol "public: virtual bool __cdecl Sexy::SexyAppBase::IsAltKeyUsed(unsigned __int64)" (?IsAltKeyUsed@SexyAppBase@Sexy@@UEAA_N_K@Z)
GameApp.obj : error LNK2001: unresolved external symbol "public: virtual bool __cdecl Sexy::SexyAppBase::DebugKeyDown(int)" (?DebugKeyDown@SexyAppBase@Sexy@@UEAA_NH@Z)
GameApp.obj : error LNK2001: unresolved external symbol "public: virtual bool __cdecl Sexy::SexyAppBase::DebugKeyDownAsync(int,bool,bool)" (?DebugKeyDownAsync@SexyAppBase@Sexy@@UEAA_NH_N0@Z)
GameApp.obj : error LNK2001: unresolved external symbol "public: virtual void __cdecl Sexy::SexyAppBase::CloseRequestAsync(void)" (?CloseRequestAsync@SexyAppBase@Sexy@@UEAAXXZ)
GameApp.obj : error LNK2001: unresolved external symbol "public: virtual void __cdecl Sexy::SexyAppBase::Done3dTesting(void)" (?Done3dTesting@SexyAppBase@Sexy@@UEAAXXZ)
GameApp.obj : error LNK2001: unresolved external symbol "public: virtual class std::basic_string<char,struct std::char_traits<char>,class std::allocator<char> > __cdecl Sexy::SexyAppBase::NotifyCrashHook(void)" (?NotifyCrashHook@SexyAppBase@Sexy@@UEAA?AV?$basic_string@DU?$char_traits@D@std@@V?$allocator@D@2@@std@@XZ)
GameApp.obj : error LNK2001: unresolved external symbol "public: virtual bool __cdecl Sexy::SexyAppBase::CheckSignature(class Sexy::Buffer const &,class std::basic_string<char,struct std::char_traits<char>,class std::allocator<char> > const &)" (?CheckSignature@SexyAppBase@Sexy@@UEAA_NAEBVBuffer@2@AEBV?$basic_string@DU?$char_traits@D@std@@V?$allocator@D@2@@std@@@Z)
GameApp.obj : error LNK2001: unresolved external symbol "public: virtual bool __cdecl Sexy::SexyAppBase::DrawDirtyStuff(void)" (?DrawDirtyStuff@SexyAppBase@Sexy@@UEAA_NXZ)
GameApp.obj : error LNK2001: unresolved external symbol "public: virtual void __cdecl Sexy::SexyAppBase::Redraw(class Sexy::TRect<int> *)" (?Redraw@SexyAppBase@Sexy@@UEAAXPEAV?$TRect@H@2@@Z)
GameApp.obj : error LNK2001: unresolved external symbol "public: virtual void __cdecl Sexy::SexyAppBase::InitPropertiesHook(void)" (?InitPropertiesHook@SexyAppBase@Sexy@@UEAAXXZ)
GameApp.obj : error LNK2001: unresolved external symbol "public: virtual void __cdecl Sexy::SexyAppBase::DoMainLoop(void)" (?DoMainLoop@SexyAppBase@Sexy@@UEAAXXZ)
GameApp.obj : error LNK2001: unresolved external symbol "public: virtual bool __cdecl Sexy::SexyAppBase::UpdateAppStep(bool *)" (?UpdateAppStep@SexyAppBase@Sexy@@UEAA_NPEA_N@Z)
GameApp.obj : error LNK2001: unresolved external symbol "public: virtual bool __cdecl Sexy::SexyAppBase::UpdateApp(void)" (?UpdateApp@SexyAppBase@Sexy@@UEAA_NXZ)
GameApp.obj : error LNK2001: unresolved external symbol "public: virtual bool __cdecl Sexy::SexyAppBase::AppCanRestore(void)" (?AppCanRestore@SexyAppBase@Sexy@@UEAA_NXZ)
Main.obj : error LNK2001: unresolved external symbol "struct HINSTANCE__ * Sexy::gHInstance" (?gHInstance@Sexy@@3PEAUHINSTANCE__@@EA)
C:\Users\MXZ USER\Documents\osframework\source\SexyAppFramework\DebugVS2005\SexyAppFramework.lib : warning LNK4272: library machine type 'x86' conflicts with target machine type 'x64'
C:\Users\MXZ USER\Documents\Lawn\x64\Debug\Lawn.exe : fatal error LNK1120: 166 unresolved externals
